{"/Users/admin/botmock-rasa-export/lib/file.ts": {"path":"/Users/admin/botmock-rasa-export/lib/file.ts","statementMap":{"0":{"start":{"line":1,"column":0},"end":{"line":1,"column":57}},"1":{"start":{"line":2,"column":0},"end":{"line":2,"column":44}},"2":{"start":{"line":3,"column":0},"end":{"line":3,"column":27}},"3":{"start":{"line":4,"column":0},"end":{"line":4,"column":45}},"4":{"start":{"line":5,"column":0},"end":{"line":5,"column":43}},"5":{"start":{"line":6,"column":0},"end":{"line":6,"column":38}},"6":{"start":{"line":7,"column":0},"end":{"line":7,"column":28}},"7":{"start":{"line":8,"column":0},"end":{"line":8,"column":25}},"8":{"start":{"line":10,"column":0},"end":{"line":10,"column":35}},"9":{"start":{"line":11,"column":0},"end":{"line":11,"column":59}},"10":{"start":{"line":35,"column":4},"end":{"line":35,"column":12}},"11":{"start":{"line":36,"column":4},"end":{"line":36,"column":38}},"12":{"start":{"line":37,"column":4},"end":{"line":37,"column":42}},"13":{"start":{"line":38,"column":4},"end":{"line":40,"column":6}},"14":{"start":{"line":39,"column":6},"end":{"line":39,"column":104}},"15":{"start":{"line":39,"column":78},"end":{"line":39,"column":103}},"16":{"start":{"line":41,"column":4},"end":{"line":41,"column":108}},"17":{"start":{"line":42,"column":4},"end":{"line":42,"column":90}},"18":{"start":{"line":43,"column":4},"end":{"line":48,"column":7}},"19":{"start":{"line":55,"column":4},"end":{"line":66,"column":40}},"20":{"start":{"line":58,"column":10},"end":{"line":63,"column":null}},"21":{"start":{"line":60,"column":46},"end":{"line":62,"column":null}},"22":{"start":{"line":66,"column":21},"end":{"line":66,"column":38}},"23":{"start":{"line":73,"column":30},"end":{"line":113,"column":12}},"24":{"start":{"line":75,"column":30},"end":{"line":75,"column":31}},"25":{"start":{"line":76,"column":24},"end":{"line":76,"column":72}},"26":{"start":{"line":77,"column":34},"end":{"line":77,"column":102}},"27":{"start":{"line":78,"column":8},"end":{"line":111,"column":null}},"28":{"start":{"line":82,"column":12},"end":{"line":103,"column":null}},"29":{"start":{"line":85,"column":51},"end":{"line":85,"column":93}},"30":{"start":{"line":86,"column":16},"end":{"line":90,"column":null}},"31":{"start":{"line":87,"column":18},"end":{"line":87,"column":55}},"32":{"start":{"line":89,"column":18},"end":{"line":89,"column":57}},"33":{"start":{"line":91,"column":16},"end":{"line":91,"column":22}},"34":{"start":{"line":93,"column":16},"end":{"line":93,"column":52}},"35":{"start":{"line":94,"column":16},"end":{"line":94,"column":22}},"36":{"start":{"line":97,"column":16},"end":{"line":98,"column":82}},"37":{"start":{"line":98,"column":48},"end":{"line":98,"column":79}},"38":{"start":{"line":99,"column":16},"end":{"line":99,"column":22}},"39":{"start":{"line":101,"column":37},"end":{"line":101,"column":74}},"40":{"start":{"line":102,"column":16},"end":{"line":102,"column":105}},"41":{"start":{"line":104,"column":12},"end":{"line":110,"column":14}},"42":{"start":{"line":115,"column":4},"end":{"line":115,"column":29}},"43":{"start":{"line":122,"column":27},"end":{"line":122,"column":61}},"44":{"start":{"line":123,"column":22},"end":{"line":123,"column":66}},"45":{"start":{"line":124,"column":17},"end":{"line":129,"column":6}},"46":{"start":{"line":125,"column":71},"end":{"line":125,"column":82}},"47":{"start":{"line":126,"column":76},"end":{"line":126,"column":105}},"48":{"start":{"line":130,"column":4},"end":{"line":133,"column":6}},"49":{"start":{"line":140,"column":34},"end":{"line":140,"column":50}},"50":{"start":{"line":141,"column":27},"end":{"line":141,"column":65}},"51":{"start":{"line":142,"column":4},"end":{"line":142,"column":47}},"52":{"start":{"line":143,"column":4},"end":{"line":146,"column":6}},"53":{"start":{"line":154,"column":51},"end":{"line":154,"column":55}},"54":{"start":{"line":155,"column":30},"end":{"line":155,"column":32}},"55":{"start":{"line":156,"column":30},"end":{"line":156,"column":32}},"56":{"start":{"line":157,"column":4},"end":{"line":175,"column":18}},"57":{"start":{"line":158,"column":48},"end":{"line":158,"column":69}},"58":{"start":{"line":160,"column":6},"end":{"line":174,"column":null}},"59":{"start":{"line":160,"column":57},"end":{"line":160,"column":87}},"60":{"start":{"line":161,"column":39},"end":{"line":163,"column":10}},"61":{"start":{"line":162,"column":10},"end":{"line":162,"column":75}},"62":{"start":{"line":164,"column":8},"end":{"line":166,"column":null}},"63":{"start":{"line":165,"column":10},"end":{"line":165,"column":37}},"64":{"start":{"line":168,"column":8},"end":{"line":173,"column":null}},"65":{"start":{"line":169,"column":10},"end":{"line":172,"column":null}},"66":{"start":{"line":170,"column":12},"end":{"line":170,"column":40}},"67":{"start":{"line":171,"column":12},"end":{"line":171,"column":47}},"68":{"start":{"line":176,"column":4},"end":{"line":176,"column":19}},"69":{"start":{"line":187,"column":27},"end":{"line":187,"column":69}},"70":{"start":{"line":188,"column":25},"end":{"line":188,"column":76}},"71":{"start":{"line":189,"column":17},"end":{"line":205,"column":22}},"72":{"start":{"line":191,"column":34},"end":{"line":196,"column":10}},"73":{"start":{"line":194,"column":12},"end":{"line":194,"column":97}},"74":{"start":{"line":194,"column":69},"end":{"line":194,"column":91}},"75":{"start":{"line":197,"column":31},"end":{"line":202,"column":10}},"76":{"start":{"line":198,"column":37},"end":{"line":200,"column":22}},"77":{"start":{"line":199,"column":12},"end":{"line":199,"column":37}},"78":{"start":{"line":201,"column":10},"end":{"line":201,"column":95}},"79":{"start":{"line":203,"column":26},"end":{"line":203,"column":40}},"80":{"start":{"line":204,"column":8},"end":{"line":204,"column":66}},"81":{"start":{"line":206,"column":4},"end":{"line":206,"column":42}},"82":{"start":{"line":213,"column":4},"end":{"line":213,"column":33}},"83":{"start":{"line":214,"column":4},"end":{"line":214,"column":34}},"84":{"start":{"line":22,"column":0},"end":{"line":22,"column":21}}},"fnMap":{"0":{"name":"(anonymous_2)","decl":{"start":{"line":34,"column":2},"end":{"line":34,"column":14}},"loc":{"start":{"line":34,"column":28},"end":{"line":49,"column":3}}},"1":{"name":"(anonymous_3)","decl":{"start":{"line":38,"column":22},"end":{"line":38,"column":23}},"loc":{"start":{"line":39,"column":6},"end":{"line":39,"column":104}}},"2":{"name":"(anonymous_4)","decl":{"start":{"line":39,"column":49},"end":{"line":39,"column":50}},"loc":{"start":{"line":39,"column":78},"end":{"line":39,"column":103}}},"3":{"name":"(anonymous_5)","decl":{"start":{"line":54,"column":10},"end":{"line":54,"column":30}},"loc":{"start":{"line":54,"column":30},"end":{"line":67,"column":3}}},"4":{"name":"(anonymous_6)","decl":{"start":{"line":57,"column":16},"end":{"line":57,"column":17}},"loc":{"start":{"line":57,"column":42},"end":{"line":65,"column":9}}},"5":{"name":"(anonymous_7)","decl":{"start":{"line":60,"column":29},"end":{"line":60,"column":30}},"loc":{"start":{"line":60,"column":46},"end":{"line":62,"column":null}}},"6":{"name":"(anonymous_8)","decl":{"start":{"line":66,"column":11},"end":{"line":66,"column":17}},"loc":{"start":{"line":66,"column":21},"end":{"line":66,"column":38}}},"7":{"name":"(anonymous_9)","decl":{"start":{"line":72,"column":10},"end":{"line":72,"column":25}},"loc":{"start":{"line":72,"column":25},"end":{"line":116,"column":3}}},"8":{"name":"(anonymous_10)","decl":{"start":{"line":74,"column":14},"end":{"line":74,"column":15}},"loc":{"start":{"line":74,"column":42},"end":{"line":113,"column":7}}},"9":{"name":"(anonymous_11)","decl":{"start":{"line":80,"column":63},"end":{"line":80,"column":64}},"loc":{"start":{"line":80,"column":97},"end":{"line":111,"column":11}}},"10":{"name":"(anonymous_12)","decl":{"start":{"line":98,"column":23},"end":{"line":98,"column":24}},"loc":{"start":{"line":98,"column":48},"end":{"line":98,"column":79}}},"11":{"name":"(anonymous_13)","decl":{"start":{"line":121,"column":9},"end":{"line":121,"column":14}},"loc":{"start":{"line":121,"column":24},"end":{"line":134,"column":3}}},"12":{"name":"(anonymous_14)","decl":{"start":{"line":125,"column":44},"end":{"line":125,"column":45}},"loc":{"start":{"line":125,"column":71},"end":{"line":125,"column":82}}},"13":{"name":"(anonymous_15)","decl":{"start":{"line":126,"column":47},"end":{"line":126,"column":48}},"loc":{"start":{"line":126,"column":76},"end":{"line":126,"column":105}}},"14":{"name":"(anonymous_16)","decl":{"start":{"line":139,"column":10},"end":{"line":139,"column":15}},"loc":{"start":{"line":139,"column":31},"end":{"line":147,"column":3}}},"15":{"name":"(anonymous_17)","decl":{"start":{"line":153,"column":10},"end":{"line":153,"column":36}},"loc":{"start":{"line":153,"column":54},"end":{"line":177,"column":3}}},"16":{"name":"unwindFromMessageId","decl":{"start":{"line":157,"column":14},"end":{"line":157,"column":33}},"loc":{"start":{"line":157,"column":51},"end":{"line":175,"column":5}}},"17":{"name":"(anonymous_19)","decl":{"start":{"line":160,"column":49},"end":{"line":160,"column":53}},"loc":{"start":{"line":160,"column":57},"end":{"line":160,"column":87}}},"18":{"name":"(anonymous_20)","decl":{"start":{"line":161,"column":64},"end":{"line":161,"column":65}},"loc":{"start":{"line":162,"column":10},"end":{"line":162,"column":75}}},"19":{"name":"(anonymous_21)","decl":{"start":{"line":186,"column":10},"end":{"line":186,"column":15}},"loc":{"start":{"line":186,"column":32},"end":{"line":207,"column":3}}},"20":{"name":"(anonymous_22)","decl":{"start":{"line":190,"column":14},"end":{"line":190,"column":15}},"loc":{"start":{"line":190,"column":60},"end":{"line":205,"column":7}}},"21":{"name":"(anonymous_23)","decl":{"start":{"line":193,"column":66},"end":{"line":193,"column":67}},"loc":{"start":{"line":194,"column":12},"end":{"line":194,"column":97}}},"22":{"name":"(anonymous_24)","decl":{"start":{"line":194,"column":42},"end":{"line":194,"column":43}},"loc":{"start":{"line":194,"column":69},"end":{"line":194,"column":91}}},"23":{"name":"(anonymous_25)","decl":{"start":{"line":197,"column":43},"end":{"line":197,"column":44}},"loc":{"start":{"line":197,"column":66},"end":{"line":202,"column":9}}},"24":{"name":"(anonymous_26)","decl":{"start":{"line":198,"column":66},"end":{"line":198,"column":67}},"loc":{"start":{"line":199,"column":12},"end":{"line":199,"column":37}}},"25":{"name":"(anonymous_27)","decl":{"start":{"line":212,"column":9},"end":{"line":212,"column":14}},"loc":{"start":{"line":212,"column":23},"end":{"line":215,"column":3}}}},"branchMap":{"0":{"loc":{"start":{"line":84,"column":14},"end":{"line":91,"column":22}},"type":"switch","locations":[{"start":{"line":84,"column":14},"end":{"line":91,"column":22}},{"start":{"line":92,"column":14},"end":{"line":94,"column":22}},{"start":{"line":95,"column":14},"end":{"line":95,"column":28}},{"start":{"line":96,"column":14},"end":{"line":99,"column":22}},{"start":{"line":100,"column":14},"end":{"line":102,"column":105}}]},"1":{"loc":{"start":{"line":86,"column":16},"end":{"line":90,"column":null}},"type":"if","locations":[{"start":{"line":86,"column":16},"end":{"line":90,"column":null}},{"start":{"line":86,"column":16},"end":{"line":90,"column":null}}]},"2":{"loc":{"start":{"line":97,"column":27},"end":{"line":97,"column":56}},"type":"binary-expr","locations":[{"start":{"line":97,"column":27},"end":{"line":97,"column":56}},{"start":{"line":97,"column":60},"end":{"line":97,"column":83}}]},"3":{"loc":{"start":{"line":102,"column":61},"end":{"line":102,"column":89}},"type":"cond-expr","locations":[{"start":{"line":102,"column":61},"end":{"line":102,"column":89}},{"start":{"line":102,"column":92},"end":{"line":102,"column":104}}]},"4":{"loc":{"start":{"line":107,"column":18},"end":{"line":107,"column":52}},"type":"cond-expr","locations":[{"start":{"line":107,"column":18},"end":{"line":107,"column":52}},{"start":{"line":108,"column":18},"end":{"line":108,"column":50}}]},"5":{"loc":{"start":{"line":160,"column":6},"end":{"line":174,"column":null}},"type":"if","locations":[{"start":{"line":160,"column":6},"end":{"line":174,"column":null}},{"start":{"line":160,"column":6},"end":{"line":174,"column":null}}]},"6":{"loc":{"start":{"line":164,"column":8},"end":{"line":166,"column":null}},"type":"if","locations":[{"start":{"line":164,"column":8},"end":{"line":166,"column":null}},{"start":{"line":164,"column":8},"end":{"line":166,"column":null}}]},"7":{"loc":{"start":{"line":169,"column":10},"end":{"line":172,"column":null}},"type":"if","locations":[{"start":{"line":169,"column":10},"end":{"line":172,"column":null}},{"start":{"line":169,"column":10},"end":{"line":172,"column":null}}]}},"s":{"0":1,"1":1,"2":1,"3":1,"4":1,"5":1,"6":1,"7":1,"8":1,"9":1,"10":2,"11":2,"12":2,"13":2,"14":0,"15":0,"16":2,"17":2,"18":2,"19":2,"20":0,"21":0,"22":0,"23":1,"24":0,"25":0,"26":0,"27":0,"28":0,"29":0,"30":0,"31":0,"32":0,"33":0,"34":0,"35":0,"36":0,"37":0,"38":0,"39":0,"40":0,"41":0,"42":1,"43":1,"44":1,"45":1,"46":0,"47":0,"48":1,"49":1,"50":1,"51":1,"52":1,"53":0,"54":0,"55":0,"56":0,"57":0,"58":0,"59":0,"60":0,"61":0,"62":0,"63":0,"64":0,"65":0,"66":0,"67":0,"68":0,"69":1,"70":1,"71":1,"72":0,"73":0,"74":0,"75":0,"76":0,"77":0,"78":0,"79":0,"80":0,"81":1,"82":1,"83":1,"84":1},"f":{"0":2,"1":0,"2":0,"3":2,"4":0,"5":0,"6":0,"7":1,"8":0,"9":0,"10":0,"11":1,"12":0,"13":0,"14":1,"15":0,"16":0,"17":0,"18":0,"19":1,"20":0,"21":0,"22":0,"23":0,"24":0,"25":1},"b":{"0":[0,0,0,0,0],"1":[0,0],"2":[0,0],"3":[0,0],"4":[0,0],"5":[0,0],"6":[0,0],"7":[0,0]}}
,"/Users/admin/botmock-rasa-export/lib/intent.ts": {"path":"/Users/admin/botmock-rasa-export/lib/intent.ts","statementMap":{"0":{"start":{"line":17,"column":61},"end":{"line":17,"column":70}},"1":{"start":{"line":18,"column":21},"end":{"line":19,"column":null}},"2":{"start":{"line":19,"column":4},"end":{"line":19,"column":55}},"3":{"start":{"line":19,"column":29},"end":{"line":19,"column":54}},"4":{"start":{"line":21,"column":2},"end":{"line":41,"column":4}},"5":{"start":{"line":22,"column":65},"end":{"line":38,"column":null}},"6":{"start":{"line":25,"column":29},"end":{"line":25,"column":69}},"7":{"start":{"line":26,"column":38},"end":{"line":26,"column":78}},"8":{"start":{"line":26,"column":61},"end":{"line":26,"column":77}},"9":{"start":{"line":27,"column":8},"end":{"line":37,"column":null}},"10":{"start":{"line":28,"column":10},"end":{"line":33,"column":null}},"11":{"start":{"line":33,"column":47},"end":{"line":33,"column":65}},"12":{"start":{"line":36,"column":10},"end":{"line":36,"column":22}},"13":{"start":{"line":16,"column":0},"end":{"line":16,"column":16}}},"fnMap":{"0":{"name":"convertIntentStructureToStories","decl":{"start":{"line":16,"column":16},"end":{"line":16,"column":47}},"loc":{"start":{"line":16,"column":68},"end":{"line":42,"column":1}}},"1":{"name":"(anonymous_1)","decl":{"start":{"line":18,"column":21},"end":{"line":18,"column":22}},"loc":{"start":{"line":19,"column":4},"end":{"line":19,"column":55}}},"2":{"name":"(anonymous_2)","decl":{"start":{"line":19,"column":18},"end":{"line":19,"column":25}},"loc":{"start":{"line":19,"column":29},"end":{"line":19,"column":54}}},"3":{"name":"(anonymous_3)","decl":{"start":{"line":22,"column":4},"end":{"line":22,"column":5}},"loc":{"start":{"line":22,"column":65},"end":{"line":38,"column":null}}},"4":{"name":"(anonymous_4)","decl":{"start":{"line":24,"column":35},"end":{"line":24,"column":36}},"loc":{"start":{"line":24,"column":56},"end":{"line":38,"column":7}}},"5":{"name":"(anonymous_5)","decl":{"start":{"line":26,"column":51},"end":{"line":26,"column":57}},"loc":{"start":{"line":26,"column":61},"end":{"line":26,"column":77}}},"6":{"name":"(anonymous_6)","decl":{"start":{"line":33,"column":18},"end":{"line":33,"column":19}},"loc":{"start":{"line":33,"column":47},"end":{"line":33,"column":65}}}},"branchMap":{"0":{"loc":{"start":{"line":27,"column":8},"end":{"line":37,"column":null}},"type":"if","locations":[{"start":{"line":27,"column":8},"end":{"line":37,"column":null}},{"start":{"line":27,"column":8},"end":{"line":37,"column":null}}]}},"s":{"0":2,"1":2,"2":0,"3":0,"4":2,"5":0,"6":0,"7":0,"8":0,"9":0,"10":0,"11":0,"12":0,"13":1},"f":{"0":2,"1":0,"2":0,"3":0,"4":0,"5":0,"6":0},"b":{"0":[0,0]}}
,"/Users/admin/botmock-rasa-export/lib/nlu.ts": {"path":"/Users/admin/botmock-rasa-export/lib/nlu.ts","statementMap":{"0":{"start":{"line":1,"column":0},"end":{"line":1,"column":24}},"1":{"start":{"line":15,"column":26},"end":{"line":48,"column":3}},"2":{"start":{"line":16,"column":22},"end":{"line":16,"column":26}},"3":{"start":{"line":17,"column":4},"end":{"line":46,"column":null}},"4":{"start":{"line":18,"column":6},"end":{"line":45,"column":9}},"5":{"start":{"line":20,"column":21},"end":{"line":20,"column":43}},"6":{"start":{"line":21,"column":30},"end":{"line":24,"column":24}},"7":{"start":{"line":25,"column":8},"end":{"line":25,"column":75}},"8":{"start":{"line":26,"column":8},"end":{"line":26,"column":62}},"9":{"start":{"line":27,"column":31},"end":{"line":27,"column":82}},"10":{"start":{"line":27,"column":57},"end":{"line":27,"column":81}},"11":{"start":{"line":28,"column":8},"end":{"line":44,"column":null}},"12":{"start":{"line":30,"column":10},"end":{"line":43,"column":12}},"13":{"start":{"line":32,"column":36},"end":{"line":32,"column":80}},"14":{"start":{"line":33,"column":14},"end":{"line":40,"column":null}},"15":{"start":{"line":35,"column":41},"end":{"line":38,"column":34}},"16":{"start":{"line":37,"column":45},"end":{"line":37,"column":87}},"17":{"start":{"line":39,"column":16},"end":{"line":39,"column":40}},"18":{"start":{"line":41,"column":14},"end":{"line":41,"column":35}},"19":{"start":{"line":47,"column":4},"end":{"line":47,"column":22}},"20":{"start":{"line":50,"column":25},"end":{"line":55,"column":3}},"21":{"start":{"line":51,"column":80},"end":{"line":51,"column":86}},"22":{"start":{"line":52,"column":4},"end":{"line":54,"column":74}},"23":{"start":{"line":54,"column":26},"end":{"line":54,"column":60}},"24":{"start":{"line":57,"column":25},"end":{"line":80,"column":3}},"25":{"start":{"line":58,"column":72},"end":{"line":58,"column":78}},"26":{"start":{"line":59,"column":37},"end":{"line":59,"column":103}},"27":{"start":{"line":59,"column":76},"end":{"line":59,"column":99}},"28":{"start":{"line":61,"column":4},"end":{"line":79,"column":null}},"29":{"start":{"line":62,"column":24},"end":{"line":63,"column":null}},"30":{"start":{"line":63,"column":8},"end":{"line":63,"column":84}},"31":{"start":{"line":65,"column":6},"end":{"line":69,"column":2}},"32":{"start":{"line":72,"column":28},"end":{"line":77,"column":8}},"33":{"start":{"line":73,"column":8},"end":{"line":76,"column":98}},"34":{"start":{"line":78,"column":6},"end":{"line":78,"column":37}},"35":{"start":{"line":82,"column":2},"end":{"line":83,"column":61}},"36":{"start":{"line":82,"column":62},"end":{"line":82,"column":97}},"37":{"start":{"line":83,"column":25},"end":{"line":83,"column":47}},"38":{"start":{"line":14,"column":0},"end":{"line":14,"column":16}}},"fnMap":{"0":{"name":"genIntents","decl":{"start":{"line":14,"column":16},"end":{"line":14,"column":26}},"loc":{"start":{"line":14,"column":56},"end":{"line":84,"column":1}}},"1":{"name":"(anonymous_1)","decl":{"start":{"line":15,"column":26},"end":{"line":15,"column":27}},"loc":{"start":{"line":15,"column":105},"end":{"line":48,"column":3}}},"2":{"name":"(anonymous_2)","decl":{"start":{"line":18,"column":24},"end":{"line":18,"column":25}},"loc":{"start":{"line":18,"column":83},"end":{"line":45,"column":7}}},"3":{"name":"(anonymous_3)","decl":{"start":{"line":27,"column":47},"end":{"line":27,"column":53}},"loc":{"start":{"line":27,"column":57},"end":{"line":27,"column":81}}},"4":{"name":"(anonymous_4)","decl":{"start":{"line":30,"column":40},"end":{"line":30,"column":41}},"loc":{"start":{"line":30,"column":75},"end":{"line":42,"column":13}}},"5":{"name":"(anonymous_5)","decl":{"start":{"line":37,"column":34},"end":{"line":37,"column":41}},"loc":{"start":{"line":37,"column":45},"end":{"line":37,"column":87}}},"6":{"name":"(anonymous_6)","decl":{"start":{"line":50,"column":25},"end":{"line":50,"column":26}},"loc":{"start":{"line":50,"column":79},"end":{"line":55,"column":3}}},"7":{"name":"(anonymous_7)","decl":{"start":{"line":54,"column":15},"end":{"line":54,"column":22}},"loc":{"start":{"line":54,"column":26},"end":{"line":54,"column":60}}},"8":{"name":"(anonymous_8)","decl":{"start":{"line":57,"column":25},"end":{"line":57,"column":26}},"loc":{"start":{"line":57,"column":49},"end":{"line":80,"column":3}}},"9":{"name":"(anonymous_9)","decl":{"start":{"line":59,"column":51},"end":{"line":59,"column":52}},"loc":{"start":{"line":59,"column":76},"end":{"line":59,"column":99}}},"10":{"name":"(anonymous_10)","decl":{"start":{"line":62,"column":35},"end":{"line":62,"column":36}},"loc":{"start":{"line":63,"column":8},"end":{"line":63,"column":84}}},"11":{"name":"(anonymous_11)","decl":{"start":{"line":72,"column":39},"end":{"line":72,"column":40}},"loc":{"start":{"line":73,"column":8},"end":{"line":76,"column":98}}},"12":{"name":"(anonymous_12)","decl":{"start":{"line":82,"column":24},"end":{"line":82,"column":25}},"loc":{"start":{"line":82,"column":62},"end":{"line":82,"column":97}}},"13":{"name":"(anonymous_13)","decl":{"start":{"line":83,"column":15},"end":{"line":83,"column":21}},"loc":{"start":{"line":83,"column":25},"end":{"line":83,"column":47}}}},"branchMap":{"0":{"loc":{"start":{"line":17,"column":4},"end":{"line":46,"column":null}},"type":"if","locations":[{"start":{"line":17,"column":4},"end":{"line":46,"column":null}},{"start":{"line":17,"column":4},"end":{"line":46,"column":null}}]},"1":{"loc":{"start":{"line":28,"column":8},"end":{"line":44,"column":null}},"type":"if","locations":[{"start":{"line":28,"column":8},"end":{"line":44,"column":null}},{"start":{"line":28,"column":8},"end":{"line":44,"column":null}}]},"2":{"loc":{"start":{"line":33,"column":14},"end":{"line":40,"column":null}},"type":"if","locations":[{"start":{"line":33,"column":14},"end":{"line":40,"column":null}},{"start":{"line":33,"column":14},"end":{"line":40,"column":null}}]},"3":{"loc":{"start":{"line":52,"column":28},"end":{"line":52,"column":31}},"type":"cond-expr","locations":[{"start":{"line":52,"column":28},"end":{"line":52,"column":31}},{"start":{"line":52,"column":34},"end":{"line":52,"column":36}}]},"4":{"loc":{"start":{"line":61,"column":4},"end":{"line":79,"column":null}},"type":"if","locations":[{"start":{"line":61,"column":4},"end":{"line":79,"column":null}},{"start":{"line":61,"column":4},"end":{"line":79,"column":null}}]},"5":{"loc":{"start":{"line":63,"column":26},"end":{"line":63,"column":69}},"type":"cond-expr","locations":[{"start":{"line":63,"column":26},"end":{"line":63,"column":69}},{"start":{"line":63,"column":72},"end":{"line":63,"column":84}}]},"6":{"loc":{"start":{"line":76,"column":22},"end":{"line":76,"column":46}},"type":"cond-expr","locations":[{"start":{"line":76,"column":22},"end":{"line":76,"column":46}},{"start":{"line":76,"column":49},"end":{"line":76,"column":96}}]}},"s":{"0":1,"1":1,"2":0,"3":0,"4":0,"5":0,"6":0,"7":0,"8":0,"9":0,"10":0,"11":0,"12":0,"13":0,"14":0,"15":0,"16":0,"17":0,"18":0,"19":0,"20":1,"21":0,"22":0,"23":0,"24":1,"25":0,"26":0,"27":0,"28":0,"29":0,"30":0,"31":0,"32":0,"33":0,"34":0,"35":1,"36":0,"37":0,"38":1},"f":{"0":1,"1":0,"2":0,"3":0,"4":0,"5":0,"6":0,"7":0,"8":0,"9":0,"10":0,"11":0,"12":0,"13":0},"b":{"0":[0,0],"1":[0,0],"2":[0,0],"3":[0,0],"4":[0,0],"5":[0,0],"6":[0,0]}}
}
